{
  error: ReferenceError: cors is not defined
      at Object.<anonymous> (C:\Users\Ryu\Desktop\Workspace\Projects\Current\VT\Website\Backend\VT-Backend-develop\Routes\testUserRoutes.js:9:8)
      at Module._compile (internal/modules/cjs/loader.js:959:30)
      at Object.Module._extensions..js (internal/modules/cjs/loader.js:995:10)
      at Module.load (internal/modules/cjs/loader.js:815:32)
      at Function.Module._load (internal/modules/cjs/loader.js:727:14)
      at Module.require (internal/modules/cjs/loader.js:852:19)
      at require (internal/modules/cjs/helpers.js:74:18)
      at Object.<anonymous> (C:\Users\Ryu\Desktop\Workspace\Projects\Current\VT\Website\Backend\VT-Backend-develop\startup\routes.js:8:24)
      at Module._compile (internal/modules/cjs/loader.js:959:30)
      at Object.Module._extensions..js (internal/modules/cjs/loader.js:995:10)
      at Module.load (internal/modules/cjs/loader.js:815:32)
      at Function.Module._load (internal/modules/cjs/loader.js:727:14)
      at Module.require (internal/modules/cjs/loader.js:852:19)
      at require (internal/modules/cjs/helpers.js:74:18)
      at Object.<anonymous> (C:\Users\Ryu\Desktop\Workspace\Projects\Current\VT\Website\Backend\VT-Backend-develop\index.js:8:1)
      at Module._compile (internal/modules/cjs/loader.js:959:30),
  level: 'error',
  message: 'uncaughtException: cors is not defined\n' +
    'ReferenceError: cors is not defined\n' +
    '    at Object.<anonymous> (C:\\Users\\Ryu\\Desktop\\Workspace\\Projects\\Current\\VT\\Website\\Backend\\VT-Backend-develop\\Routes\\testUserRoutes.js:9:8)\n' +
    '    at Module._compile (internal/modules/cjs/loader.js:959:30)\n' +
    '    at Object.Module._extensions..js (internal/modules/cjs/loader.js:995:10)\n' +
    '    at Module.load (internal/modules/cjs/loader.js:815:32)\n' +
    '    at Function.Module._load (internal/modules/cjs/loader.js:727:14)\n' +
    '    at Module.require (internal/modules/cjs/loader.js:852:19)\n' +
    '    at require (internal/modules/cjs/helpers.js:74:18)\n' +
    '    at Object.<anonymous> (C:\\Users\\Ryu\\Desktop\\Workspace\\Projects\\Current\\VT\\Website\\Backend\\VT-Backend-develop\\startup\\routes.js:8:24)\n' +
    '    at Module._compile (internal/modules/cjs/loader.js:959:30)\n' +
    '    at Object.Module._extensions..js (internal/modules/cjs/loader.js:995:10)\n' +
    '    at Module.load (internal/modules/cjs/loader.js:815:32)\n' +
    '    at Function.Module._load (internal/modules/cjs/loader.js:727:14)\n' +
    '    at Module.require (internal/modules/cjs/loader.js:852:19)\n' +
    '    at require (internal/modules/cjs/helpers.js:74:18)\n' +
    '    at Object.<anonymous> (C:\\Users\\Ryu\\Desktop\\Workspace\\Projects\\Current\\VT\\Website\\Backend\\VT-Backend-develop\\index.js:8:1)\n' +
    '    at Module._compile (internal/modules/cjs/loader.js:959:30)',
  stack: 'ReferenceError: cors is not defined\n' +
    '    at Object.<anonymous> (C:\\Users\\Ryu\\Desktop\\Workspace\\Projects\\Current\\VT\\Website\\Backend\\VT-Backend-develop\\Routes\\testUserRoutes.js:9:8)\n' +
    '    at Module._compile (internal/modules/cjs/loader.js:959:30)\n' +
    '    at Object.Module._extensions..js (internal/modules/cjs/loader.js:995:10)\n' +
    '    at Module.load (internal/modules/cjs/loader.js:815:32)\n' +
    '    at Function.Module._load (internal/modules/cjs/loader.js:727:14)\n' +
    '    at Module.require (internal/modules/cjs/loader.js:852:19)\n' +
    '    at require (internal/modules/cjs/helpers.js:74:18)\n' +
    '    at Object.<anonymous> (C:\\Users\\Ryu\\Desktop\\Workspace\\Projects\\Current\\VT\\Website\\Backend\\VT-Backend-develop\\startup\\routes.js:8:24)\n' +
    '    at Module._compile (internal/modules/cjs/loader.js:959:30)\n' +
    '    at Object.Module._extensions..js (internal/modules/cjs/loader.js:995:10)\n' +
    '    at Module.load (internal/modules/cjs/loader.js:815:32)\n' +
    '    at Function.Module._load (internal/modules/cjs/loader.js:727:14)\n' +
    '    at Module.require (internal/modules/cjs/loader.js:852:19)\n' +
    '    at require (internal/modules/cjs/helpers.js:74:18)\n' +
    '    at Object.<anonymous> (C:\\Users\\Ryu\\Desktop\\Workspace\\Projects\\Current\\VT\\Website\\Backend\\VT-Backend-develop\\index.js:8:1)\n' +
    '    at Module._compile (internal/modules/cjs/loader.js:959:30)',
  exception: true,
  date: 'Wed Sep 02 2020 18:55:00 GMT+0200 (GMT+02:00)',
  process: {
    pid: 16508,
    uid: null,
    gid: null,
    cwd: 'C:\\Users\\Ryu\\Desktop\\Workspace\\Projects\\Current\\VT\\Website\\Backend\\VT-Backend-develop',
    execPath: 'C:\\Program Files\\nodejs\\node.exe',
    version: 'v12.13.1',
    argv: [
      'C:\\Program Files\\nodejs\\node.exe',
      'C:\\Users\\Ryu\\Desktop\\Workspace\\Projects\\Current\\VT\\Website\\Backend\\VT-Backend-develop\\index.js'
    ],
    memoryUsage: {
      rss: 63049728,
      heapTotal: 55164928,
      heapUsed: 29765592,
      external: 20742506
    }
  },
  os: { loadavg: [ 0, 0, 0 ], uptime: 877944 },
  trace: [
    {
      column: 8,
      file: 'C:\\Users\\Ryu\\Desktop\\Workspace\\Projects\\Current\\VT\\Website\\Backend\\VT-Backend-develop\\Routes\\testUserRoutes.js',
      function: null,
      line: 9,
      method: null,
      native: false
    },
    {
      column: 30,
      file: 'internal/modules/cjs/loader.js',
      function: 'Module._compile',
      line: 959,
      method: '_compile',
      native: false
    },
    {
      column: 10,
      file: 'internal/modules/cjs/loader.js',
      function: 'Module._extensions..js',
      line: 995,
      method: '.js',
      native: false
    },
    {
      column: 32,
      file: 'internal/modules/cjs/loader.js',
      function: 'Module.load',
      line: 815,
      method: 'load',
      native: false
    },
    {
      column: 14,
      file: 'internal/modules/cjs/loader.js',
      function: 'Module._load',
      line: 727,
      method: '_load',
      native: false
    },
    {
      column: 19,
      file: 'internal/modules/cjs/loader.js',
      function: 'Module.require',
      line: 852,
      method: 'require',
      native: false
    },
    {
      column: 18,
      file: 'internal/modules/cjs/helpers.js',
      function: 'require',
      line: 74,
      method: null,
      native: false
    },
    {
      column: 24,
      file: 'C:\\Users\\Ryu\\Desktop\\Workspace\\Projects\\Current\\VT\\Website\\Backend\\VT-Backend-develop\\startup\\routes.js',
      function: null,
      line: 8,
      method: null,
      native: false
    },
    {
      column: 30,
      file: 'internal/modules/cjs/loader.js',
      function: 'Module._compile',
      line: 959,
      method: '_compile',
      native: false
    },
    {
      column: 10,
      file: 'internal/modules/cjs/loader.js',
      function: 'Module._extensions..js',
      line: 995,
      method: '.js',
      native: false
    },
    {
      column: 32,
      file: 'internal/modules/cjs/loader.js',
      function: 'Module.load',
      line: 815,
      method: 'load',
      native: false
    },
    {
      column: 14,
      file: 'internal/modules/cjs/loader.js',
      function: 'Module._load',
      line: 727,
      method: '_load',
      native: false
    },
    {
      column: 19,
      file: 'internal/modules/cjs/loader.js',
      function: 'Module.require',
      line: 852,
      method: 'require',
      native: false
    },
    {
      column: 18,
      file: 'internal/modules/cjs/helpers.js',
      function: 'require',
      line: 74,
      method: null,
      native: false
    },
    {
      column: 1,
      file: 'C:\\Users\\Ryu\\Desktop\\Workspace\\Projects\\Current\\VT\\Website\\Backend\\VT-Backend-develop\\index.js',
      function: null,
      line: 8,
      method: null,
      native: false
    },
    {
      column: 30,
      file: 'internal/modules/cjs/loader.js',
      function: 'Module._compile',
      line: 959,
      method: '_compile',
      native: false
    }
  ],
  timestamp: '2020-09-02T16:55:00.224Z'
}
{
  error: C:\Users\Ryu\Desktop\Workspace\Projects\Current\VT\Website\Backend\VT-Backend-develop\startup\db.js:11
      const DB = process.env.DATABASE_TEST
      ^^^^^
  
  SyntaxError: Unexpected token 'const'
      at Module._compile (internal/modules/cjs/loader.js:895:18)
      at Object.Module._extensions..js (internal/modules/cjs/loader.js:995:10)
      at Module.load (internal/modules/cjs/loader.js:815:32)
      at Function.Module._load (internal/modules/cjs/loader.js:727:14)
      at Module.require (internal/modules/cjs/loader.js:852:19)
      at require (internal/modules/cjs/helpers.js:74:18)
      at Object.<anonymous> (C:\Users\Ryu\Desktop\Workspace\Projects\Current\VT\Website\Backend\VT-Backend-develop\index.js:9:1)
      at Module._compile (internal/modules/cjs/loader.js:959:30)
      at Object.Module._extensions..js (internal/modules/cjs/loader.js:995:10)
      at Module.load (internal/modules/cjs/loader.js:815:32)
      at Function.Module._load (internal/modules/cjs/loader.js:727:14)
      at Function.Module.runMain (internal/modules/cjs/loader.js:1047:10)
      at internal/main/run_main_module.js:17:11,
  level: 'error',
  message: "uncaughtException: Unexpected token 'const'\n" +
    'C:\\Users\\Ryu\\Desktop\\Workspace\\Projects\\Current\\VT\\Website\\Backend\\VT-Backend-develop\\startup\\db.js:11\n' +
    '    const DB = process.env.DATABASE_TEST\n' +
    '    ^^^^^\n' +
    '\n' +
    "SyntaxError: Unexpected token 'const'\n" +
    '    at Module._compile (internal/modules/cjs/loader.js:895:18)\n' +
    '    at Object.Module._extensions..js (internal/modules/cjs/loader.js:995:10)\n' +
    '    at Module.load (internal/modules/cjs/loader.js:815:32)\n' +
    '    at Function.Module._load (internal/modules/cjs/loader.js:727:14)\n' +
    '    at Module.require (internal/modules/cjs/loader.js:852:19)\n' +
    '    at require (internal/modules/cjs/helpers.js:74:18)\n' +
    '    at Object.<anonymous> (C:\\Users\\Ryu\\Desktop\\Workspace\\Projects\\Current\\VT\\Website\\Backend\\VT-Backend-develop\\index.js:9:1)\n' +
    '    at Module._compile (internal/modules/cjs/loader.js:959:30)\n' +
    '    at Object.Module._extensions..js (internal/modules/cjs/loader.js:995:10)\n' +
    '    at Module.load (internal/modules/cjs/loader.js:815:32)\n' +
    '    at Function.Module._load (internal/modules/cjs/loader.js:727:14)\n' +
    '    at Function.Module.runMain (internal/modules/cjs/loader.js:1047:10)\n' +
    '    at internal/main/run_main_module.js:17:11',
  stack: 'C:\\Users\\Ryu\\Desktop\\Workspace\\Projects\\Current\\VT\\Website\\Backend\\VT-Backend-develop\\startup\\db.js:11\n' +
    '    const DB = process.env.DATABASE_TEST\n' +
    '    ^^^^^\n' +
    '\n' +
    "SyntaxError: Unexpected token 'const'\n" +
    '    at Module._compile (internal/modules/cjs/loader.js:895:18)\n' +
    '    at Object.Module._extensions..js (internal/modules/cjs/loader.js:995:10)\n' +
    '    at Module.load (internal/modules/cjs/loader.js:815:32)\n' +
    '    at Function.Module._load (internal/modules/cjs/loader.js:727:14)\n' +
    '    at Module.require (internal/modules/cjs/loader.js:852:19)\n' +
    '    at require (internal/modules/cjs/helpers.js:74:18)\n' +
    '    at Object.<anonymous> (C:\\Users\\Ryu\\Desktop\\Workspace\\Projects\\Current\\VT\\Website\\Backend\\VT-Backend-develop\\index.js:9:1)\n' +
    '    at Module._compile (internal/modules/cjs/loader.js:959:30)\n' +
    '    at Object.Module._extensions..js (internal/modules/cjs/loader.js:995:10)\n' +
    '    at Module.load (internal/modules/cjs/loader.js:815:32)\n' +
    '    at Function.Module._load (internal/modules/cjs/loader.js:727:14)\n' +
    '    at Function.Module.runMain (internal/modules/cjs/loader.js:1047:10)\n' +
    '    at internal/main/run_main_module.js:17:11',
  exception: true,
  date: 'Thu Sep 03 2020 10:06:38 GMT+0200 (GMT+02:00)',
  process: {
    pid: 28724,
    uid: null,
    gid: null,
    cwd: 'C:\\Users\\Ryu\\Desktop\\Workspace\\Projects\\Current\\VT\\Website\\Backend\\VT-Backend-develop',
    execPath: 'C:\\Program Files\\nodejs\\node.exe',
    version: 'v12.13.1',
    argv: [
      'C:\\Program Files\\nodejs\\node.exe',
      'C:\\Users\\Ryu\\Desktop\\Workspace\\Projects\\Current\\VT\\Website\\Backend\\VT-Backend-develop\\index.js'
    ],
    memoryUsage: {
      rss: 63496192,
      heapTotal: 55164928,
      heapUsed: 29898024,
      external: 20750698
    }
  },
  os: { loadavg: [ 0, 0, 0 ], uptime: 932643 },
  trace: [
    {
      column: 18,
      file: 'internal/modules/cjs/loader.js',
      function: 'Module._compile',
      line: 895,
      method: '_compile',
      native: false
    },
    {
      column: 10,
      file: 'internal/modules/cjs/loader.js',
      function: 'Module._extensions..js',
      line: 995,
      method: '.js',
      native: false
    },
    {
      column: 32,
      file: 'internal/modules/cjs/loader.js',
      function: 'Module.load',
      line: 815,
      method: 'load',
      native: false
    },
    {
      column: 14,
      file: 'internal/modules/cjs/loader.js',
      function: 'Module._load',
      line: 727,
      method: '_load',
      native: false
    },
    {
      column: 19,
      file: 'internal/modules/cjs/loader.js',
      function: 'Module.require',
      line: 852,
      method: 'require',
      native: false
    },
    {
      column: 18,
      file: 'internal/modules/cjs/helpers.js',
      function: 'require',
      line: 74,
      method: null,
      native: false
    },
    {
      column: 1,
      file: 'C:\\Users\\Ryu\\Desktop\\Workspace\\Projects\\Current\\VT\\Website\\Backend\\VT-Backend-develop\\index.js',
      function: null,
      line: 9,
      method: null,
      native: false
    },
    {
      column: 30,
      file: 'internal/modules/cjs/loader.js',
      function: 'Module._compile',
      line: 959,
      method: '_compile',
      native: false
    },
    {
      column: 10,
      file: 'internal/modules/cjs/loader.js',
      function: 'Module._extensions..js',
      line: 995,
      method: '.js',
      native: false
    },
    {
      column: 32,
      file: 'internal/modules/cjs/loader.js',
      function: 'Module.load',
      line: 815,
      method: 'load',
      native: false
    },
    {
      column: 14,
      file: 'internal/modules/cjs/loader.js',
      function: 'Module._load',
      line: 727,
      method: '_load',
      native: false
    },
    {
      column: 10,
      file: 'internal/modules/cjs/loader.js',
      function: 'Module.runMain',
      line: 1047,
      method: 'runMain',
      native: false
    },
    {
      column: 11,
      file: 'internal/main/run_main_module.js',
      function: null,
      line: 17,
      method: null,
      native: false
    }
  ],
  timestamp: '2020-09-03T08:06:38.879Z'
}
{
  error: MongoParseError: Invalid connection string
      at parseConnectionString (C:\Users\Ryu\Desktop\Workspace\Projects\Current\VT\Website\Backend\VT-Backend-develop\node_modules\mongodb\lib\core\uri_parser.js:565:21)
      at connect (C:\Users\Ryu\Desktop\Workspace\Projects\Current\VT\Website\Backend\VT-Backend-develop\node_modules\mongodb\lib\operations\connect.js:282:3)
      at C:\Users\Ryu\Desktop\Workspace\Projects\Current\VT\Website\Backend\VT-Backend-develop\node_modules\mongodb\lib\mongo_client.js:223:5
      at maybePromise (C:\Users\Ryu\Desktop\Workspace\Projects\Current\VT\Website\Backend\VT-Backend-develop\node_modules\mongodb\lib\utils.js:662:3)
      at MongoClient.connect (C:\Users\Ryu\Desktop\Workspace\Projects\Current\VT\Website\Backend\VT-Backend-develop\node_modules\mongodb\lib\mongo_client.js:219:10)
      at C:\Users\Ryu\Desktop\Workspace\Projects\Current\VT\Website\Backend\VT-Backend-develop\node_modules\mongoose\lib\connection.js:788:12
      at new Promise (<anonymous>)
      at NativeConnection.Connection.openUri (C:\Users\Ryu\Desktop\Workspace\Projects\Current\VT\Website\Backend\VT-Backend-develop\node_modules\mongoose\lib\connection.js:785:19)
      at Mongoose.connect (C:\Users\Ryu\Desktop\Workspace\Projects\Current\VT\Website\Backend\VT-Backend-develop\node_modules\mongoose\lib\index.js:339:15)
      at module.exports (C:\Users\Ryu\Desktop\Workspace\Projects\Current\VT\Website\Backend\VT-Backend-develop\startup\db.js:17:12)
      at Object.<anonymous> (C:\Users\Ryu\Desktop\Workspace\Projects\Current\VT\Website\Backend\VT-Backend-develop\index.js:9:24)
      at Module._compile (internal/modules/cjs/loader.js:959:30)
      at Object.Module._extensions..js (internal/modules/cjs/loader.js:995:10)
      at Module.load (internal/modules/cjs/loader.js:815:32)
      at Function.Module._load (internal/modules/cjs/loader.js:727:14)
      at Function.Module.runMain (internal/modules/cjs/loader.js:1047:10) {
    name: 'MongoParseError'
  },
  level: 'error',
  message: 'unhandledRejection: Invalid connection string\n' +
    'MongoParseError: Invalid connection string\n' +
    '    at parseConnectionString (C:\\Users\\Ryu\\Desktop\\Workspace\\Projects\\Current\\VT\\Website\\Backend\\VT-Backend-develop\\node_modules\\mongodb\\lib\\core\\uri_parser.js:565:21)\n' +
    '    at connect (C:\\Users\\Ryu\\Desktop\\Workspace\\Projects\\Current\\VT\\Website\\Backend\\VT-Backend-develop\\node_modules\\mongodb\\lib\\operations\\connect.js:282:3)\n' +
    '    at C:\\Users\\Ryu\\Desktop\\Workspace\\Projects\\Current\\VT\\Website\\Backend\\VT-Backend-develop\\node_modules\\mongodb\\lib\\mongo_client.js:223:5\n' +
    '    at maybePromise (C:\\Users\\Ryu\\Desktop\\Workspace\\Projects\\Current\\VT\\Website\\Backend\\VT-Backend-develop\\node_modules\\mongodb\\lib\\utils.js:662:3)\n' +
    '    at MongoClient.connect (C:\\Users\\Ryu\\Desktop\\Workspace\\Projects\\Current\\VT\\Website\\Backend\\VT-Backend-develop\\node_modules\\mongodb\\lib\\mongo_client.js:219:10)\n' +
    '    at C:\\Users\\Ryu\\Desktop\\Workspace\\Projects\\Current\\VT\\Website\\Backend\\VT-Backend-develop\\node_modules\\mongoose\\lib\\connection.js:788:12\n' +
    '    at new Promise (<anonymous>)\n' +
    '    at NativeConnection.Connection.openUri (C:\\Users\\Ryu\\Desktop\\Workspace\\Projects\\Current\\VT\\Website\\Backend\\VT-Backend-develop\\node_modules\\mongoose\\lib\\connection.js:785:19)\n' +
    '    at Mongoose.connect (C:\\Users\\Ryu\\Desktop\\Workspace\\Projects\\Current\\VT\\Website\\Backend\\VT-Backend-develop\\node_modules\\mongoose\\lib\\index.js:339:15)\n' +
    '    at module.exports (C:\\Users\\Ryu\\Desktop\\Workspace\\Projects\\Current\\VT\\Website\\Backend\\VT-Backend-develop\\startup\\db.js:17:12)\n' +
    '    at Object.<anonymous> (C:\\Users\\Ryu\\Desktop\\Workspace\\Projects\\Current\\VT\\Website\\Backend\\VT-Backend-develop\\index.js:9:24)\n' +
    '    at Module._compile (internal/modules/cjs/loader.js:959:30)\n' +
    '    at Object.Module._extensions..js (internal/modules/cjs/loader.js:995:10)\n' +
    '    at Module.load (internal/modules/cjs/loader.js:815:32)\n' +
    '    at Function.Module._load (internal/modules/cjs/loader.js:727:14)\n' +
    '    at Function.Module.runMain (internal/modules/cjs/loader.js:1047:10)',
  stack: 'MongoParseError: Invalid connection string\n' +
    '    at parseConnectionString (C:\\Users\\Ryu\\Desktop\\Workspace\\Projects\\Current\\VT\\Website\\Backend\\VT-Backend-develop\\node_modules\\mongodb\\lib\\core\\uri_parser.js:565:21)\n' +
    '    at connect (C:\\Users\\Ryu\\Desktop\\Workspace\\Projects\\Current\\VT\\Website\\Backend\\VT-Backend-develop\\node_modules\\mongodb\\lib\\operations\\connect.js:282:3)\n' +
    '    at C:\\Users\\Ryu\\Desktop\\Workspace\\Projects\\Current\\VT\\Website\\Backend\\VT-Backend-develop\\node_modules\\mongodb\\lib\\mongo_client.js:223:5\n' +
    '    at maybePromise (C:\\Users\\Ryu\\Desktop\\Workspace\\Projects\\Current\\VT\\Website\\Backend\\VT-Backend-develop\\node_modules\\mongodb\\lib\\utils.js:662:3)\n' +
    '    at MongoClient.connect (C:\\Users\\Ryu\\Desktop\\Workspace\\Projects\\Current\\VT\\Website\\Backend\\VT-Backend-develop\\node_modules\\mongodb\\lib\\mongo_client.js:219:10)\n' +
    '    at C:\\Users\\Ryu\\Desktop\\Workspace\\Projects\\Current\\VT\\Website\\Backend\\VT-Backend-develop\\node_modules\\mongoose\\lib\\connection.js:788:12\n' +
    '    at new Promise (<anonymous>)\n' +
    '    at NativeConnection.Connection.openUri (C:\\Users\\Ryu\\Desktop\\Workspace\\Projects\\Current\\VT\\Website\\Backend\\VT-Backend-develop\\node_modules\\mongoose\\lib\\connection.js:785:19)\n' +
    '    at Mongoose.connect (C:\\Users\\Ryu\\Desktop\\Workspace\\Projects\\Current\\VT\\Website\\Backend\\VT-Backend-develop\\node_modules\\mongoose\\lib\\index.js:339:15)\n' +
    '    at module.exports (C:\\Users\\Ryu\\Desktop\\Workspace\\Projects\\Current\\VT\\Website\\Backend\\VT-Backend-develop\\startup\\db.js:17:12)\n' +
    '    at Object.<anonymous> (C:\\Users\\Ryu\\Desktop\\Workspace\\Projects\\Current\\VT\\Website\\Backend\\VT-Backend-develop\\index.js:9:24)\n' +
    '    at Module._compile (internal/modules/cjs/loader.js:959:30)\n' +
    '    at Object.Module._extensions..js (internal/modules/cjs/loader.js:995:10)\n' +
    '    at Module.load (internal/modules/cjs/loader.js:815:32)\n' +
    '    at Function.Module._load (internal/modules/cjs/loader.js:727:14)\n' +
    '    at Function.Module.runMain (internal/modules/cjs/loader.js:1047:10)',
  exception: true,
  date: 'Thu Sep 03 2020 10:07:08 GMT+0200 (GMT+02:00)',
  process: {
    pid: 28024,
    uid: null,
    gid: null,
    cwd: 'C:\\Users\\Ryu\\Desktop\\Workspace\\Projects\\Current\\VT\\Website\\Backend\\VT-Backend-develop',
    execPath: 'C:\\Program Files\\nodejs\\node.exe',
    version: 'v12.13.1',
    argv: [
      'C:\\Program Files\\nodejs\\node.exe',
      'C:\\Users\\Ryu\\Desktop\\Workspace\\Projects\\Current\\VT\\Website\\Backend\\VT-Backend-develop\\index.js'
    ],
    memoryUsage: {
      rss: 65499136,
      heapTotal: 55427072,
      heapUsed: 31856584,
      external: 20822095
    }
  },
  os: { loadavg: [ 0, 0, 0 ], uptime: 932672 },
  trace: [
    {
      column: 21,
      file: 'C:\\Users\\Ryu\\Desktop\\Workspace\\Projects\\Current\\VT\\Website\\Backend\\VT-Backend-develop\\node_modules\\mongodb\\lib\\core\\uri_parser.js',
      function: 'parseConnectionString',
      line: 565,
      method: null,
      native: false
    },
    {
      column: 3,
      file: 'C:\\Users\\Ryu\\Desktop\\Workspace\\Projects\\Current\\VT\\Website\\Backend\\VT-Backend-develop\\node_modules\\mongodb\\lib\\operations\\connect.js',
      function: 'connect',
      line: 282,
      method: null,
      native: false
    },
    {
      column: 5,
      file: 'C:\\Users\\Ryu\\Desktop\\Workspace\\Projects\\Current\\VT\\Website\\Backend\\VT-Backend-develop\\node_modules\\mongodb\\lib\\mongo_client.js',
      function: null,
      line: 223,
      method: null,
      native: false
    },
    {
      column: 3,
      file: 'C:\\Users\\Ryu\\Desktop\\Workspace\\Projects\\Current\\VT\\Website\\Backend\\VT-Backend-develop\\node_modules\\mongodb\\lib\\utils.js',
      function: 'maybePromise',
      line: 662,
      method: null,
      native: false
    },
    {
      column: 10,
      file: 'C:\\Users\\Ryu\\Desktop\\Workspace\\Projects\\Current\\VT\\Website\\Backend\\VT-Backend-develop\\node_modules\\mongodb\\lib\\mongo_client.js',
      function: 'MongoClient.connect',
      line: 219,
      method: 'connect',
      native: false
    },
    {
      column: 12,
      file: 'C:\\Users\\Ryu\\Desktop\\Workspace\\Projects\\Current\\VT\\Website\\Backend\\VT-Backend-develop\\node_modules\\mongoose\\lib\\connection.js',
      function: null,
      line: 788,
      method: null,
      native: false
    },
    {
      column: null,
      file: null,
      function: 'new Promise',
      line: null,
      method: null,
      native: false
    },
    {
      column: 19,
      file: 'C:\\Users\\Ryu\\Desktop\\Workspace\\Projects\\Current\\VT\\Website\\Backend\\VT-Backend-develop\\node_modules\\mongoose\\lib\\connection.js',
      function: 'NativeConnection.Connection.openUri',
      line: 785,
      method: 'openUri',
      native: false
    },
    {
      column: 15,
      file: 'C:\\Users\\Ryu\\Desktop\\Workspace\\Projects\\Current\\VT\\Website\\Backend\\VT-Backend-develop\\node_modules\\mongoose\\lib\\index.js',
      function: 'Mongoose.connect',
      line: 339,
      method: 'connect',
      native: false
    },
    {
      column: 12,
      file: 'C:\\Users\\Ryu\\Desktop\\Workspace\\Projects\\Current\\VT\\Website\\Backend\\VT-Backend-develop\\startup\\db.js',
      function: 'module.exports',
      line: 17,
      method: 'exports',
      native: false
    },
    {
      column: 24,
      file: 'C:\\Users\\Ryu\\Desktop\\Workspace\\Projects\\Current\\VT\\Website\\Backend\\VT-Backend-develop\\index.js',
      function: null,
      line: 9,
      method: null,
      native: false
    },
    {
      column: 30,
      file: 'internal/modules/cjs/loader.js',
      function: 'Module._compile',
      line: 959,
      method: '_compile',
      native: false
    },
    {
      column: 10,
      file: 'internal/modules/cjs/loader.js',
      function: 'Module._extensions..js',
      line: 995,
      method: '.js',
      native: false
    },
    {
      column: 32,
      file: 'internal/modules/cjs/loader.js',
      function: 'Module.load',
      line: 815,
      method: 'load',
      native: false
    },
    {
      column: 14,
      file: 'internal/modules/cjs/loader.js',
      function: 'Module._load',
      line: 727,
      method: '_load',
      native: false
    },
    {
      column: 10,
      file: 'internal/modules/cjs/loader.js',
      function: 'Module.runMain',
      line: 1047,
      method: 'runMain',
      native: false
    }
  ],
  timestamp: '2020-09-03T08:07:08.411Z'
}
{
  error: MongoParseError: Invalid connection string
      at parseConnectionString (C:\Users\Ryu\Desktop\Workspace\Projects\Current\VT\Website\Backend\VT-Backend-develop\node_modules\mongodb\lib\core\uri_parser.js:565:21)
      at connect (C:\Users\Ryu\Desktop\Workspace\Projects\Current\VT\Website\Backend\VT-Backend-develop\node_modules\mongodb\lib\operations\connect.js:282:3)
      at C:\Users\Ryu\Desktop\Workspace\Projects\Current\VT\Website\Backend\VT-Backend-develop\node_modules\mongodb\lib\mongo_client.js:223:5
      at maybePromise (C:\Users\Ryu\Desktop\Workspace\Projects\Current\VT\Website\Backend\VT-Backend-develop\node_modules\mongodb\lib\utils.js:662:3)
      at MongoClient.connect (C:\Users\Ryu\Desktop\Workspace\Projects\Current\VT\Website\Backend\VT-Backend-develop\node_modules\mongodb\lib\mongo_client.js:219:10)
      at C:\Users\Ryu\Desktop\Workspace\Projects\Current\VT\Website\Backend\VT-Backend-develop\node_modules\mongoose\lib\connection.js:788:12
      at new Promise (<anonymous>)
      at NativeConnection.Connection.openUri (C:\Users\Ryu\Desktop\Workspace\Projects\Current\VT\Website\Backend\VT-Backend-develop\node_modules\mongoose\lib\connection.js:785:19)
      at Mongoose.connect (C:\Users\Ryu\Desktop\Workspace\Projects\Current\VT\Website\Backend\VT-Backend-develop\node_modules\mongoose\lib\index.js:339:15)
      at module.exports (C:\Users\Ryu\Desktop\Workspace\Projects\Current\VT\Website\Backend\VT-Backend-develop\startup\db.js:17:12)
      at Object.<anonymous> (C:\Users\Ryu\Desktop\Workspace\Projects\Current\VT\Website\Backend\VT-Backend-develop\index.js:9:24)
      at Module._compile (internal/modules/cjs/loader.js:959:30)
      at Object.Module._extensions..js (internal/modules/cjs/loader.js:995:10)
      at Module.load (internal/modules/cjs/loader.js:815:32)
      at Function.Module._load (internal/modules/cjs/loader.js:727:14)
      at Function.Module.runMain (internal/modules/cjs/loader.js:1047:10) {
    name: 'MongoParseError'
  },
  level: 'error',
  message: 'unhandledRejection: Invalid connection string\n' +
    'MongoParseError: Invalid connection string\n' +
    '    at parseConnectionString (C:\\Users\\Ryu\\Desktop\\Workspace\\Projects\\Current\\VT\\Website\\Backend\\VT-Backend-develop\\node_modules\\mongodb\\lib\\core\\uri_parser.js:565:21)\n' +
    '    at connect (C:\\Users\\Ryu\\Desktop\\Workspace\\Projects\\Current\\VT\\Website\\Backend\\VT-Backend-develop\\node_modules\\mongodb\\lib\\operations\\connect.js:282:3)\n' +
    '    at C:\\Users\\Ryu\\Desktop\\Workspace\\Projects\\Current\\VT\\Website\\Backend\\VT-Backend-develop\\node_modules\\mongodb\\lib\\mongo_client.js:223:5\n' +
    '    at maybePromise (C:\\Users\\Ryu\\Desktop\\Workspace\\Projects\\Current\\VT\\Website\\Backend\\VT-Backend-develop\\node_modules\\mongodb\\lib\\utils.js:662:3)\n' +
    '    at MongoClient.connect (C:\\Users\\Ryu\\Desktop\\Workspace\\Projects\\Current\\VT\\Website\\Backend\\VT-Backend-develop\\node_modules\\mongodb\\lib\\mongo_client.js:219:10)\n' +
    '    at C:\\Users\\Ryu\\Desktop\\Workspace\\Projects\\Current\\VT\\Website\\Backend\\VT-Backend-develop\\node_modules\\mongoose\\lib\\connection.js:788:12\n' +
    '    at new Promise (<anonymous>)\n' +
    '    at NativeConnection.Connection.openUri (C:\\Users\\Ryu\\Desktop\\Workspace\\Projects\\Current\\VT\\Website\\Backend\\VT-Backend-develop\\node_modules\\mongoose\\lib\\connection.js:785:19)\n' +
    '    at Mongoose.connect (C:\\Users\\Ryu\\Desktop\\Workspace\\Projects\\Current\\VT\\Website\\Backend\\VT-Backend-develop\\node_modules\\mongoose\\lib\\index.js:339:15)\n' +
    '    at module.exports (C:\\Users\\Ryu\\Desktop\\Workspace\\Projects\\Current\\VT\\Website\\Backend\\VT-Backend-develop\\startup\\db.js:17:12)\n' +
    '    at Object.<anonymous> (C:\\Users\\Ryu\\Desktop\\Workspace\\Projects\\Current\\VT\\Website\\Backend\\VT-Backend-develop\\index.js:9:24)\n' +
    '    at Module._compile (internal/modules/cjs/loader.js:959:30)\n' +
    '    at Object.Module._extensions..js (internal/modules/cjs/loader.js:995:10)\n' +
    '    at Module.load (internal/modules/cjs/loader.js:815:32)\n' +
    '    at Function.Module._load (internal/modules/cjs/loader.js:727:14)\n' +
    '    at Function.Module.runMain (internal/modules/cjs/loader.js:1047:10)',
  stack: 'MongoParseError: Invalid connection string\n' +
    '    at parseConnectionString (C:\\Users\\Ryu\\Desktop\\Workspace\\Projects\\Current\\VT\\Website\\Backend\\VT-Backend-develop\\node_modules\\mongodb\\lib\\core\\uri_parser.js:565:21)\n' +
    '    at connect (C:\\Users\\Ryu\\Desktop\\Workspace\\Projects\\Current\\VT\\Website\\Backend\\VT-Backend-develop\\node_modules\\mongodb\\lib\\operations\\connect.js:282:3)\n' +
    '    at C:\\Users\\Ryu\\Desktop\\Workspace\\Projects\\Current\\VT\\Website\\Backend\\VT-Backend-develop\\node_modules\\mongodb\\lib\\mongo_client.js:223:5\n' +
    '    at maybePromise (C:\\Users\\Ryu\\Desktop\\Workspace\\Projects\\Current\\VT\\Website\\Backend\\VT-Backend-develop\\node_modules\\mongodb\\lib\\utils.js:662:3)\n' +
    '    at MongoClient.connect (C:\\Users\\Ryu\\Desktop\\Workspace\\Projects\\Current\\VT\\Website\\Backend\\VT-Backend-develop\\node_modules\\mongodb\\lib\\mongo_client.js:219:10)\n' +
    '    at C:\\Users\\Ryu\\Desktop\\Workspace\\Projects\\Current\\VT\\Website\\Backend\\VT-Backend-develop\\node_modules\\mongoose\\lib\\connection.js:788:12\n' +
    '    at new Promise (<anonymous>)\n' +
    '    at NativeConnection.Connection.openUri (C:\\Users\\Ryu\\Desktop\\Workspace\\Projects\\Current\\VT\\Website\\Backend\\VT-Backend-develop\\node_modules\\mongoose\\lib\\connection.js:785:19)\n' +
    '    at Mongoose.connect (C:\\Users\\Ryu\\Desktop\\Workspace\\Projects\\Current\\VT\\Website\\Backend\\VT-Backend-develop\\node_modules\\mongoose\\lib\\index.js:339:15)\n' +
    '    at module.exports (C:\\Users\\Ryu\\Desktop\\Workspace\\Projects\\Current\\VT\\Website\\Backend\\VT-Backend-develop\\startup\\db.js:17:12)\n' +
    '    at Object.<anonymous> (C:\\Users\\Ryu\\Desktop\\Workspace\\Projects\\Current\\VT\\Website\\Backend\\VT-Backend-develop\\index.js:9:24)\n' +
    '    at Module._compile (internal/modules/cjs/loader.js:959:30)\n' +
    '    at Object.Module._extensions..js (internal/modules/cjs/loader.js:995:10)\n' +
    '    at Module.load (internal/modules/cjs/loader.js:815:32)\n' +
    '    at Function.Module._load (internal/modules/cjs/loader.js:727:14)\n' +
    '    at Function.Module.runMain (internal/modules/cjs/loader.js:1047:10)',
  exception: true,
  date: 'Thu Sep 03 2020 10:07:49 GMT+0200 (GMT+02:00)',
  process: {
    pid: 26900,
    uid: null,
    gid: null,
    cwd: 'C:\\Users\\Ryu\\Desktop\\Workspace\\Projects\\Current\\VT\\Website\\Backend\\VT-Backend-develop',
    execPath: 'C:\\Program Files\\nodejs\\node.exe',
    version: 'v12.13.1',
    argv: [
      'C:\\Program Files\\nodejs\\node.exe',
      'C:\\Users\\Ryu\\Desktop\\Workspace\\Projects\\Current\\VT\\Website\\Backend\\VT-Backend-develop\\index.js'
    ],
    memoryUsage: {
      rss: 65327104,
      heapTotal: 55427072,
      heapUsed: 31770640,
      external: 20822095
    }
  },
  os: { loadavg: [ 0, 0, 0 ], uptime: 932713 },
  trace: [
    {
      column: 21,
      file: 'C:\\Users\\Ryu\\Desktop\\Workspace\\Projects\\Current\\VT\\Website\\Backend\\VT-Backend-develop\\node_modules\\mongodb\\lib\\core\\uri_parser.js',
      function: 'parseConnectionString',
      line: 565,
      method: null,
      native: false
    },
    {
      column: 3,
      file: 'C:\\Users\\Ryu\\Desktop\\Workspace\\Projects\\Current\\VT\\Website\\Backend\\VT-Backend-develop\\node_modules\\mongodb\\lib\\operations\\connect.js',
      function: 'connect',
      line: 282,
      method: null,
      native: false
    },
    {
      column: 5,
      file: 'C:\\Users\\Ryu\\Desktop\\Workspace\\Projects\\Current\\VT\\Website\\Backend\\VT-Backend-develop\\node_modules\\mongodb\\lib\\mongo_client.js',
      function: null,
      line: 223,
      method: null,
      native: false
    },
    {
      column: 3,
      file: 'C:\\Users\\Ryu\\Desktop\\Workspace\\Projects\\Current\\VT\\Website\\Backend\\VT-Backend-develop\\node_modules\\mongodb\\lib\\utils.js',
      function: 'maybePromise',
      line: 662,
      method: null,
      native: false
    },
    {
      column: 10,
      file: 'C:\\Users\\Ryu\\Desktop\\Workspace\\Projects\\Current\\VT\\Website\\Backend\\VT-Backend-develop\\node_modules\\mongodb\\lib\\mongo_client.js',
      function: 'MongoClient.connect',
      line: 219,
      method: 'connect',
      native: false
    },
    {
      column: 12,
      file: 'C:\\Users\\Ryu\\Desktop\\Workspace\\Projects\\Current\\VT\\Website\\Backend\\VT-Backend-develop\\node_modules\\mongoose\\lib\\connection.js',
      function: null,
      line: 788,
      method: null,
      native: false
    },
    {
      column: null,
      file: null,
      function: 'new Promise',
      line: null,
      method: null,
      native: false
    },
    {
      column: 19,
      file: 'C:\\Users\\Ryu\\Desktop\\Workspace\\Projects\\Current\\VT\\Website\\Backend\\VT-Backend-develop\\node_modules\\mongoose\\lib\\connection.js',
      function: 'NativeConnection.Connection.openUri',
      line: 785,
      method: 'openUri',
      native: false
    },
    {
      column: 15,
      file: 'C:\\Users\\Ryu\\Desktop\\Workspace\\Projects\\Current\\VT\\Website\\Backend\\VT-Backend-develop\\node_modules\\mongoose\\lib\\index.js',
      function: 'Mongoose.connect',
      line: 339,
      method: 'connect',
      native: false
    },
    {
      column: 12,
      file: 'C:\\Users\\Ryu\\Desktop\\Workspace\\Projects\\Current\\VT\\Website\\Backend\\VT-Backend-develop\\startup\\db.js',
      function: 'module.exports',
      line: 17,
      method: 'exports',
      native: false
    },
    {
      column: 24,
      file: 'C:\\Users\\Ryu\\Desktop\\Workspace\\Projects\\Current\\VT\\Website\\Backend\\VT-Backend-develop\\index.js',
      function: null,
      line: 9,
      method: null,
      native: false
    },
    {
      column: 30,
      file: 'internal/modules/cjs/loader.js',
      function: 'Module._compile',
      line: 959,
      method: '_compile',
      native: false
    },
    {
      column: 10,
      file: 'internal/modules/cjs/loader.js',
      function: 'Module._extensions..js',
      line: 995,
      method: '.js',
      native: false
    },
    {
      column: 32,
      file: 'internal/modules/cjs/loader.js',
      function: 'Module.load',
      line: 815,
      method: 'load',
      native: false
    },
    {
      column: 14,
      file: 'internal/modules/cjs/loader.js',
      function: 'Module._load',
      line: 727,
      method: '_load',
      native: false
    },
    {
      column: 10,
      file: 'internal/modules/cjs/loader.js',
      function: 'Module.runMain',
      line: 1047,
      method: 'runMain',
      native: false
    }
  ],
  timestamp: '2020-09-03T08:07:49.047Z'
}
{
  error: C:\Users\Ryu\Desktop\Workspace\Projects\Current\VT\Website\Backend\VT-Backend-develop\Controllers\testUserController.js:65
      .catch(err => res.json({ status: `Delete failed with error: ${err}`, info: username})
                                                                                          ^
  
  SyntaxError: missing ) after argument list
      at Module._compile (internal/modules/cjs/loader.js:895:18)
      at Object.Module._extensions..js (internal/modules/cjs/loader.js:995:10)
      at Module.load (internal/modules/cjs/loader.js:815:32)
      at Function.Module._load (internal/modules/cjs/loader.js:727:14)
      at Module.require (internal/modules/cjs/loader.js:852:19)
      at require (internal/modules/cjs/helpers.js:74:18)
      at Object.<anonymous> (C:\Users\Ryu\Desktop\Workspace\Projects\Current\VT\Website\Backend\VT-Backend-develop\Routes\testUserRoutes.js:5:28)
      at Module._compile (internal/modules/cjs/loader.js:959:30)
      at Object.Module._extensions..js (internal/modules/cjs/loader.js:995:10)
      at Module.load (internal/modules/cjs/loader.js:815:32)
      at Function.Module._load (internal/modules/cjs/loader.js:727:14)
      at Module.require (internal/modules/cjs/loader.js:852:19)
      at require (internal/modules/cjs/helpers.js:74:18)
      at Object.<anonymous> (C:\Users\Ryu\Desktop\Workspace\Projects\Current\VT\Website\Backend\VT-Backend-develop\startup\routes.js:8:24)
      at Module._compile (internal/modules/cjs/loader.js:959:30)
      at Object.Module._extensions..js (internal/modules/cjs/loader.js:995:10),
  level: 'error',
  message: 'uncaughtException: missing ) after argument list\n' +
    'C:\\Users\\Ryu\\Desktop\\Workspace\\Projects\\Current\\VT\\Website\\Backend\\VT-Backend-develop\\Controllers\\testUserController.js:65\n' +
    '    .catch(err => res.json({ status: `Delete failed with error: ${err}`, info: username})\n' +
    '                                                                                        ^\n' +
    '\n' +
    'SyntaxError: missing ) after argument list\n' +
    '    at Module._compile (internal/modules/cjs/loader.js:895:18)\n' +
    '    at Object.Module._extensions..js (internal/modules/cjs/loader.js:995:10)\n' +
    '    at Module.load (internal/modules/cjs/loader.js:815:32)\n' +
    '    at Function.Module._load (internal/modules/cjs/loader.js:727:14)\n' +
    '    at Module.require (internal/modules/cjs/loader.js:852:19)\n' +
    '    at require (internal/modules/cjs/helpers.js:74:18)\n' +
    '    at Object.<anonymous> (C:\\Users\\Ryu\\Desktop\\Workspace\\Projects\\Current\\VT\\Website\\Backend\\VT-Backend-develop\\Routes\\testUserRoutes.js:5:28)\n' +
    '    at Module._compile (internal/modules/cjs/loader.js:959:30)\n' +
    '    at Object.Module._extensions..js (internal/modules/cjs/loader.js:995:10)\n' +
    '    at Module.load (internal/modules/cjs/loader.js:815:32)\n' +
    '    at Function.Module._load (internal/modules/cjs/loader.js:727:14)\n' +
    '    at Module.require (internal/modules/cjs/loader.js:852:19)\n' +
    '    at require (internal/modules/cjs/helpers.js:74:18)\n' +
    '    at Object.<anonymous> (C:\\Users\\Ryu\\Desktop\\Workspace\\Projects\\Current\\VT\\Website\\Backend\\VT-Backend-develop\\startup\\routes.js:8:24)\n' +
    '    at Module._compile (internal/modules/cjs/loader.js:959:30)\n' +
    '    at Object.Module._extensions..js (internal/modules/cjs/loader.js:995:10)',
  stack: 'C:\\Users\\Ryu\\Desktop\\Workspace\\Projects\\Current\\VT\\Website\\Backend\\VT-Backend-develop\\Controllers\\testUserController.js:65\n' +
    '    .catch(err => res.json({ status: `Delete failed with error: ${err}`, info: username})\n' +
    '                                                                                        ^\n' +
    '\n' +
    'SyntaxError: missing ) after argument list\n' +
    '    at Module._compile (internal/modules/cjs/loader.js:895:18)\n' +
    '    at Object.Module._extensions..js (internal/modules/cjs/loader.js:995:10)\n' +
    '    at Module.load (internal/modules/cjs/loader.js:815:32)\n' +
    '    at Function.Module._load (internal/modules/cjs/loader.js:727:14)\n' +
    '    at Module.require (internal/modules/cjs/loader.js:852:19)\n' +
    '    at require (internal/modules/cjs/helpers.js:74:18)\n' +
    '    at Object.<anonymous> (C:\\Users\\Ryu\\Desktop\\Workspace\\Projects\\Current\\VT\\Website\\Backend\\VT-Backend-develop\\Routes\\testUserRoutes.js:5:28)\n' +
    '    at Module._compile (internal/modules/cjs/loader.js:959:30)\n' +
    '    at Object.Module._extensions..js (internal/modules/cjs/loader.js:995:10)\n' +
    '    at Module.load (internal/modules/cjs/loader.js:815:32)\n' +
    '    at Function.Module._load (internal/modules/cjs/loader.js:727:14)\n' +
    '    at Module.require (internal/modules/cjs/loader.js:852:19)\n' +
    '    at require (internal/modules/cjs/helpers.js:74:18)\n' +
    '    at Object.<anonymous> (C:\\Users\\Ryu\\Desktop\\Workspace\\Projects\\Current\\VT\\Website\\Backend\\VT-Backend-develop\\startup\\routes.js:8:24)\n' +
    '    at Module._compile (internal/modules/cjs/loader.js:959:30)\n' +
    '    at Object.Module._extensions..js (internal/modules/cjs/loader.js:995:10)',
  exception: true,
  date: 'Mon Sep 14 2020 22:05:57 GMT+0200 (GMT+02:00)',
  process: {
    pid: 5160,
    uid: null,
    gid: null,
    cwd: 'C:\\Users\\Ryu\\Desktop\\Workspace\\Projects\\Current\\VT\\Website\\Backend\\VT-Backend-develop',
    execPath: 'C:\\Program Files\\nodejs\\node.exe',
    version: 'v12.13.1',
    argv: [
      'C:\\Program Files\\nodejs\\node.exe',
      'C:\\Users\\Ryu\\Desktop\\Workspace\\Projects\\Current\\VT\\Website\\Backend\\VT-Backend-develop\\index.js'
    ],
    memoryUsage: {
      rss: 63152128,
      heapTotal: 55164928,
      heapUsed: 29627728,
      external: 20737217
    }
  },
  os: { loadavg: [ 0, 0, 0 ], uptime: 3567 },
  trace: [
    {
      column: 18,
      file: 'internal/modules/cjs/loader.js',
      function: 'Module._compile',
      line: 895,
      method: '_compile',
      native: false
    },
    {
      column: 10,
      file: 'internal/modules/cjs/loader.js',
      function: 'Module._extensions..js',
      line: 995,
      method: '.js',
      native: false
    },
    {
      column: 32,
      file: 'internal/modules/cjs/loader.js',
      function: 'Module.load',
      line: 815,
      method: 'load',
      native: false
    },
    {
      column: 14,
      file: 'internal/modules/cjs/loader.js',
      function: 'Module._load',
      line: 727,
      method: '_load',
      native: false
    },
    {
      column: 19,
      file: 'internal/modules/cjs/loader.js',
      function: 'Module.require',
      line: 852,
      method: 'require',
      native: false
    },
    {
      column: 18,
      file: 'internal/modules/cjs/helpers.js',
      function: 'require',
      line: 74,
      method: null,
      native: false
    },
    {
      column: 28,
      file: 'C:\\Users\\Ryu\\Desktop\\Workspace\\Projects\\Current\\VT\\Website\\Backend\\VT-Backend-develop\\Routes\\testUserRoutes.js',
      function: null,
      line: 5,
      method: null,
      native: false
    },
    {
      column: 30,
      file: 'internal/modules/cjs/loader.js',
      function: 'Module._compile',
      line: 959,
      method: '_compile',
      native: false
    },
    {
      column: 10,
      file: 'internal/modules/cjs/loader.js',
      function: 'Module._extensions..js',
      line: 995,
      method: '.js',
      native: false
    },
    {
      column: 32,
      file: 'internal/modules/cjs/loader.js',
      function: 'Module.load',
      line: 815,
      method: 'load',
      native: false
    },
    {
      column: 14,
      file: 'internal/modules/cjs/loader.js',
      function: 'Module._load',
      line: 727,
      method: '_load',
      native: false
    },
    {
      column: 19,
      file: 'internal/modules/cjs/loader.js',
      function: 'Module.require',
      line: 852,
      method: 'require',
      native: false
    },
    {
      column: 18,
      file: 'internal/modules/cjs/helpers.js',
      function: 'require',
      line: 74,
      method: null,
      native: false
    },
    {
      column: 24,
      file: 'C:\\Users\\Ryu\\Desktop\\Workspace\\Projects\\Current\\VT\\Website\\Backend\\VT-Backend-develop\\startup\\routes.js',
      function: null,
      line: 8,
      method: null,
      native: false
    },
    {
      column: 30,
      file: 'internal/modules/cjs/loader.js',
      function: 'Module._compile',
      line: 959,
      method: '_compile',
      native: false
    },
    {
      column: 10,
      file: 'internal/modules/cjs/loader.js',
      function: 'Module._extensions..js',
      line: 995,
      method: '.js',
      native: false
    }
  ],
  timestamp: '2020-09-14T20:05:57.836Z'
}
{
  error: C:\Users\Ryu\Desktop\Workspace\Projects\Current\VT\Website\Backend\VT-Backend-develop\misc\AdvancedQueryRL.js:27
      console.log(await this.query.find({}))
                  ^^^^^
  
  SyntaxError: missing ) after argument list
      at Module._compile (internal/modules/cjs/loader.js:895:18)
      at Object.Module._extensions..js (internal/modules/cjs/loader.js:995:10)
      at Module.load (internal/modules/cjs/loader.js:815:32)
      at Function.Module._load (internal/modules/cjs/loader.js:727:14)
      at Module.require (internal/modules/cjs/loader.js:852:19)
      at require (internal/modules/cjs/helpers.js:74:18)
      at Object.<anonymous> (C:\Users\Ryu\Desktop\Workspace\Projects\Current\VT\Website\Backend\VT-Backend-develop\Controllers\tradesController.js:4:25)
      at Module._compile (internal/modules/cjs/loader.js:959:30)
      at Object.Module._extensions..js (internal/modules/cjs/loader.js:995:10)
      at Module.load (internal/modules/cjs/loader.js:815:32)
      at Function.Module._load (internal/modules/cjs/loader.js:727:14)
      at Module.require (internal/modules/cjs/loader.js:852:19)
      at require (internal/modules/cjs/helpers.js:74:18)
      at Object.<anonymous> (C:\Users\Ryu\Desktop\Workspace\Projects\Current\VT\Website\Backend\VT-Backend-develop\Routes\tradeRoutes.js:4:26)
      at Module._compile (internal/modules/cjs/loader.js:959:30)
      at Object.Module._extensions..js (internal/modules/cjs/loader.js:995:10),
  level: 'error',
  message: 'uncaughtException: missing ) after argument list\n' +
    'C:\\Users\\Ryu\\Desktop\\Workspace\\Projects\\Current\\VT\\Website\\Backend\\VT-Backend-develop\\misc\\AdvancedQueryRL.js:27\n' +
    '    console.log(await this.query.find({}))\n' +
    '                ^^^^^\n' +
    '\n' +
    'SyntaxError: missing ) after argument list\n' +
    '    at Module._compile (internal/modules/cjs/loader.js:895:18)\n' +
    '    at Object.Module._extensions..js (internal/modules/cjs/loader.js:995:10)\n' +
    '    at Module.load (internal/modules/cjs/loader.js:815:32)\n' +
    '    at Function.Module._load (internal/modules/cjs/loader.js:727:14)\n' +
    '    at Module.require (internal/modules/cjs/loader.js:852:19)\n' +
    '    at require (internal/modules/cjs/helpers.js:74:18)\n' +
    '    at Object.<anonymous> (C:\\Users\\Ryu\\Desktop\\Workspace\\Projects\\Current\\VT\\Website\\Backend\\VT-Backend-develop\\Controllers\\tradesController.js:4:25)\n' +
    '    at Module._compile (internal/modules/cjs/loader.js:959:30)\n' +
    '    at Object.Module._extensions..js (internal/modules/cjs/loader.js:995:10)\n' +
    '    at Module.load (internal/modules/cjs/loader.js:815:32)\n' +
    '    at Function.Module._load (internal/modules/cjs/loader.js:727:14)\n' +
    '    at Module.require (internal/modules/cjs/loader.js:852:19)\n' +
    '    at require (internal/modules/cjs/helpers.js:74:18)\n' +
    '    at Object.<anonymous> (C:\\Users\\Ryu\\Desktop\\Workspace\\Projects\\Current\\VT\\Website\\Backend\\VT-Backend-develop\\Routes\\tradeRoutes.js:4:26)\n' +
    '    at Module._compile (internal/modules/cjs/loader.js:959:30)\n' +
    '    at Object.Module._extensions..js (internal/modules/cjs/loader.js:995:10)',
  stack: 'C:\\Users\\Ryu\\Desktop\\Workspace\\Projects\\Current\\VT\\Website\\Backend\\VT-Backend-develop\\misc\\AdvancedQueryRL.js:27\n' +
    '    console.log(await this.query.find({}))\n' +
    '                ^^^^^\n' +
    '\n' +
    'SyntaxError: missing ) after argument list\n' +
    '    at Module._compile (internal/modules/cjs/loader.js:895:18)\n' +
    '    at Object.Module._extensions..js (internal/modules/cjs/loader.js:995:10)\n' +
    '    at Module.load (internal/modules/cjs/loader.js:815:32)\n' +
    '    at Function.Module._load (internal/modules/cjs/loader.js:727:14)\n' +
    '    at Module.require (internal/modules/cjs/loader.js:852:19)\n' +
    '    at require (internal/modules/cjs/helpers.js:74:18)\n' +
    '    at Object.<anonymous> (C:\\Users\\Ryu\\Desktop\\Workspace\\Projects\\Current\\VT\\Website\\Backend\\VT-Backend-develop\\Controllers\\tradesController.js:4:25)\n' +
    '    at Module._compile (internal/modules/cjs/loader.js:959:30)\n' +
    '    at Object.Module._extensions..js (internal/modules/cjs/loader.js:995:10)\n' +
    '    at Module.load (internal/modules/cjs/loader.js:815:32)\n' +
    '    at Function.Module._load (internal/modules/cjs/loader.js:727:14)\n' +
    '    at Module.require (internal/modules/cjs/loader.js:852:19)\n' +
    '    at require (internal/modules/cjs/helpers.js:74:18)\n' +
    '    at Object.<anonymous> (C:\\Users\\Ryu\\Desktop\\Workspace\\Projects\\Current\\VT\\Website\\Backend\\VT-Backend-develop\\Routes\\tradeRoutes.js:4:26)\n' +
    '    at Module._compile (internal/modules/cjs/loader.js:959:30)\n' +
    '    at Object.Module._extensions..js (internal/modules/cjs/loader.js:995:10)',
  exception: true,
  date: 'Mon Sep 21 2020 21:24:16 GMT+0200 (GMT+02:00)',
  process: {
    pid: 17712,
    uid: null,
    gid: null,
    cwd: 'C:\\Users\\Ryu\\Desktop\\Workspace\\Projects\\Current\\VT\\Website\\Backend\\VT-Backend-develop',
    execPath: 'C:\\Program Files\\nodejs\\node.exe',
    version: 'v12.13.1',
    argv: [
      'C:\\Program Files\\nodejs\\node.exe',
      'C:\\Users\\Ryu\\Desktop\\Workspace\\Projects\\Current\\VT\\Website\\Backend\\VT-Backend-develop\\index.js'
    ],
    memoryUsage: {
      rss: 60284928,
      heapTotal: 54046720,
      heapUsed: 27882008,
      external: 19877015
    }
  },
  os: { loadavg: [ 0, 0, 0 ], uptime: 605866 },
  trace: [
    {
      column: 18,
      file: 'internal/modules/cjs/loader.js',
      function: 'Module._compile',
      line: 895,
      method: '_compile',
      native: false
    },
    {
      column: 10,
      file: 'internal/modules/cjs/loader.js',
      function: 'Module._extensions..js',
      line: 995,
      method: '.js',
      native: false
    },
    {
      column: 32,
      file: 'internal/modules/cjs/loader.js',
      function: 'Module.load',
      line: 815,
      method: 'load',
      native: false
    },
    {
      column: 14,
      file: 'internal/modules/cjs/loader.js',
      function: 'Module._load',
      line: 727,
      method: '_load',
      native: false
    },
    {
      column: 19,
      file: 'internal/modules/cjs/loader.js',
      function: 'Module.require',
      line: 852,
      method: 'require',
      native: false
    },
    {
      column: 18,
      file: 'internal/modules/cjs/helpers.js',
      function: 'require',
      line: 74,
      method: null,
      native: false
    },
    {
      column: 25,
      file: 'C:\\Users\\Ryu\\Desktop\\Workspace\\Projects\\Current\\VT\\Website\\Backend\\VT-Backend-develop\\Controllers\\tradesController.js',
      function: null,
      line: 4,
      method: null,
      native: false
    },
    {
      column: 30,
      file: 'internal/modules/cjs/loader.js',
      function: 'Module._compile',
      line: 959,
      method: '_compile',
      native: false
    },
    {
      column: 10,
      file: 'internal/modules/cjs/loader.js',
      function: 'Module._extensions..js',
      line: 995,
      method: '.js',
      native: false
    },
    {
      column: 32,
      file: 'internal/modules/cjs/loader.js',
      function: 'Module.load',
      line: 815,
      method: 'load',
      native: false
    },
    {
      column: 14,
      file: 'internal/modules/cjs/loader.js',
      function: 'Module._load',
      line: 727,
      method: '_load',
      native: false
    },
    {
      column: 19,
      file: 'internal/modules/cjs/loader.js',
      function: 'Module.require',
      line: 852,
      method: 'require',
      native: false
    },
    {
      column: 18,
      file: 'internal/modules/cjs/helpers.js',
      function: 'require',
      line: 74,
      method: null,
      native: false
    },
    {
      column: 26,
      file: 'C:\\Users\\Ryu\\Desktop\\Workspace\\Projects\\Current\\VT\\Website\\Backend\\VT-Backend-develop\\Routes\\tradeRoutes.js',
      function: null,
      line: 4,
      method: null,
      native: false
    },
    {
      column: 30,
      file: 'internal/modules/cjs/loader.js',
      function: 'Module._compile',
      line: 959,
      method: '_compile',
      native: false
    },
    {
      column: 10,
      file: 'internal/modules/cjs/loader.js',
      function: 'Module._extensions..js',
      line: 995,
      method: '.js',
      native: false
    }
  ],
  timestamp: '2020-09-21T19:24:16.667Z'
}
{
  error: CastError: Cast to Number failed for value "any" at path "itemID" for model "Trades"
      at model.Query.exec (C:\Users\Ryu\Desktop\Workspace\Projects\Current\VT\Website\Backend\VT-Backend-develop\node_modules\mongoose\lib\query.js:4368:21)
      at model.Query.Query.then (C:\Users\Ryu\Desktop\Workspace\Projects\Current\VT\Website\Backend\VT-Backend-develop\node_modules\mongoose\lib\query.js:4460:15)
      at AdvancedQueryRL.filter (C:\Users\Ryu\Desktop\Workspace\Projects\Current\VT\Website\Backend\VT-Backend-develop\misc\AdvancedQueryRL.js:28:32)
      at C:\Users\Ryu\Desktop\Workspace\Projects\Current\VT\Website\Backend\VT-Backend-develop\Controllers\tradesController.js:53:6
      at C:\Users\Ryu\Desktop\Workspace\Projects\Current\VT\Website\Backend\VT-Backend-develop\misc\catchAsync.js:2:5
      at newFn (C:\Users\Ryu\Desktop\Workspace\Projects\Current\VT\Website\Backend\VT-Backend-develop\node_modules\express-async-errors\index.js:16:20)
      at Layer.handle [as handle_request] (C:\Users\Ryu\Desktop\Workspace\Projects\Current\VT\Website\Backend\VT-Backend-develop\node_modules\express\lib\router\layer.js:95:5)
      at next (C:\Users\Ryu\Desktop\Workspace\Projects\Current\VT\Website\Backend\VT-Backend-develop\node_modules\express\lib\router\route.js:137:13)
      at Route.dispatch (C:\Users\Ryu\Desktop\Workspace\Projects\Current\VT\Website\Backend\VT-Backend-develop\node_modules\express\lib\router\route.js:112:3)
      at newFn (C:\Users\Ryu\Desktop\Workspace\Projects\Current\VT\Website\Backend\VT-Backend-develop\node_modules\express-async-errors\index.js:16:20)
      at Layer.handle [as handle_request] (C:\Users\Ryu\Desktop\Workspace\Projects\Current\VT\Website\Backend\VT-Backend-develop\node_modules\express\lib\router\layer.js:95:5)
      at C:\Users\Ryu\Desktop\Workspace\Projects\Current\VT\Website\Backend\VT-Backend-develop\node_modules\express\lib\router\index.js:281:22
      at Function.process_params (C:\Users\Ryu\Desktop\Workspace\Projects\Current\VT\Website\Backend\VT-Backend-develop\node_modules\express\lib\router\index.js:335:12)
      at next (C:\Users\Ryu\Desktop\Workspace\Projects\Current\VT\Website\Backend\VT-Backend-develop\node_modules\express\lib\router\index.js:275:10)
      at Function.handle (C:\Users\Ryu\Desktop\Workspace\Projects\Current\VT\Website\Backend\VT-Backend-develop\node_modules\express\lib\router\index.js:174:3)
      at router (C:\Users\Ryu\Desktop\Workspace\Projects\Current\VT\Website\Backend\VT-Backend-develop\node_modules\express\lib\router\index.js:47:12) {
    messageFormat: undefined,
    stringValue: '"any"',
    kind: 'Number',
    value: 'any',
    path: 'itemID',
    reason: AssertionError [ERR_ASSERTION]: The expression evaluated to a falsy value:
    
      assert.ok(!isNaN(val))
    
        at castNumber (C:\Users\Ryu\Desktop\Workspace\Projects\Current\VT\Website\Backend\VT-Backend-develop\node_modules\mongoose\lib\cast\number.js:28:10)
        at SchemaNumber.cast (C:\Users\Ryu\Desktop\Workspace\Projects\Current\VT\Website\Backend\VT-Backend-develop\node_modules\mongoose\lib\schema\number.js:382:12)
        at SchemaNumber.SchemaType.applySetters (C:\Users\Ryu\Desktop\Workspace\Projects\Current\VT\Website\Backend\VT-Backend-develop\node_modules\mongoose\lib\schematype.js:1070:12)
        at SchemaNumber.SchemaType._castForQuery (C:\Users\Ryu\Desktop\Workspace\Projects\Current\VT\Website\Backend\VT-Backend-develop\node_modules\mongoose\lib\schematype.js:1498:15)
        at SchemaNumber.castForQuery (C:\Users\Ryu\Desktop\Workspace\Projects\Current\VT\Website\Backend\VT-Backend-develop\node_modules\mongoose\lib\schema\number.js:436:14)
        at SchemaNumber.SchemaType.castForQueryWrapper (C:\Users\Ryu\Desktop\Workspace\Projects\Current\VT\Website\Backend\VT-Backend-develop\node_modules\mongoose\lib\schematype.js:1467:15)
        at cast (C:\Users\Ryu\Desktop\Workspace\Projects\Current\VT\Website\Backend\VT-Backend-develop\node_modules\mongoose\lib\cast.js:331:32)
        at model.Query.Query.cast (C:\Users\Ryu\Desktop\Workspace\Projects\Current\VT\Website\Backend\VT-Backend-develop\node_modules\mongoose\lib\query.js:4769:12)
        at model.Query.Query._castConditions (C:\Users\Ryu\Desktop\Workspace\Projects\Current\VT\Website\Backend\VT-Backend-develop\node_modules\mongoose\lib\query.js:1870:10)
        at model.Query.<anonymous> (C:\Users\Ryu\Desktop\Workspace\Projects\Current\VT\Website\Backend\VT-Backend-develop\node_modules\mongoose\lib\query.js:1897:8)
        at model.Query._wrappedThunk [as _find] (C:\Users\Ryu\Desktop\Workspace\Projects\Current\VT\Website\Backend\VT-Backend-develop\node_modules\mongoose\lib\helpers\query\wrapThunk.js:16:8)
        at C:\Users\Ryu\Desktop\Workspace\Projects\Current\VT\Website\Backend\VT-Backend-develop\node_modules\kareem\index.js:369:33
        at processTicksAndRejections (internal/process/task_queues.js:75:11) {
      generatedMessage: true,
      code: 'ERR_ASSERTION',
      actual: false,
      expected: true,
      operator: '=='
    }
  },
  level: 'error',
  message: 'unhandledRejection: Cast to Number failed for value "any" at path "itemID" for model "Trades"\n' +
    'CastError: Cast to Number failed for value "any" at path "itemID" for model "Trades"\n' +
    '    at model.Query.exec (C:\\Users\\Ryu\\Desktop\\Workspace\\Projects\\Current\\VT\\Website\\Backend\\VT-Backend-develop\\node_modules\\mongoose\\lib\\query.js:4368:21)\n' +
    '    at model.Query.Query.then (C:\\Users\\Ryu\\Desktop\\Workspace\\Projects\\Current\\VT\\Website\\Backend\\VT-Backend-develop\\node_modules\\mongoose\\lib\\query.js:4460:15)\n' +
    '    at AdvancedQueryRL.filter (C:\\Users\\Ryu\\Desktop\\Workspace\\Projects\\Current\\VT\\Website\\Backend\\VT-Backend-develop\\misc\\AdvancedQueryRL.js:28:32)\n' +
    '    at C:\\Users\\Ryu\\Desktop\\Workspace\\Projects\\Current\\VT\\Website\\Backend\\VT-Backend-develop\\Controllers\\tradesController.js:53:6\n' +
    '    at C:\\Users\\Ryu\\Desktop\\Workspace\\Projects\\Current\\VT\\Website\\Backend\\VT-Backend-develop\\misc\\catchAsync.js:2:5\n' +
    '    at newFn (C:\\Users\\Ryu\\Desktop\\Workspace\\Projects\\Current\\VT\\Website\\Backend\\VT-Backend-develop\\node_modules\\express-async-errors\\index.js:16:20)\n' +
    '    at Layer.handle [as handle_request] (C:\\Users\\Ryu\\Desktop\\Workspace\\Projects\\Current\\VT\\Website\\Backend\\VT-Backend-develop\\node_modules\\express\\lib\\router\\layer.js:95:5)\n' +
    '    at next (C:\\Users\\Ryu\\Desktop\\Workspace\\Projects\\Current\\VT\\Website\\Backend\\VT-Backend-develop\\node_modules\\express\\lib\\router\\route.js:137:13)\n' +
    '    at Route.dispatch (C:\\Users\\Ryu\\Desktop\\Workspace\\Projects\\Current\\VT\\Website\\Backend\\VT-Backend-develop\\node_modules\\express\\lib\\router\\route.js:112:3)\n' +
    '    at newFn (C:\\Users\\Ryu\\Desktop\\Workspace\\Projects\\Current\\VT\\Website\\Backend\\VT-Backend-develop\\node_modules\\express-async-errors\\index.js:16:20)\n' +
    '    at Layer.handle [as handle_request] (C:\\Users\\Ryu\\Desktop\\Workspace\\Projects\\Current\\VT\\Website\\Backend\\VT-Backend-develop\\node_modules\\express\\lib\\router\\layer.js:95:5)\n' +
    '    at C:\\Users\\Ryu\\Desktop\\Workspace\\Projects\\Current\\VT\\Website\\Backend\\VT-Backend-develop\\node_modules\\express\\lib\\router\\index.js:281:22\n' +
    '    at Function.process_params (C:\\Users\\Ryu\\Desktop\\Workspace\\Projects\\Current\\VT\\Website\\Backend\\VT-Backend-develop\\node_modules\\express\\lib\\router\\index.js:335:12)\n' +
    '    at next (C:\\Users\\Ryu\\Desktop\\Workspace\\Projects\\Current\\VT\\Website\\Backend\\VT-Backend-develop\\node_modules\\express\\lib\\router\\index.js:275:10)\n' +
    '    at Function.handle (C:\\Users\\Ryu\\Desktop\\Workspace\\Projects\\Current\\VT\\Website\\Backend\\VT-Backend-develop\\node_modules\\express\\lib\\router\\index.js:174:3)\n' +
    '    at router (C:\\Users\\Ryu\\Desktop\\Workspace\\Projects\\Current\\VT\\Website\\Backend\\VT-Backend-develop\\node_modules\\express\\lib\\router\\index.js:47:12)',
  stack: 'CastError: Cast to Number failed for value "any" at path "itemID" for model "Trades"\n' +
    '    at model.Query.exec (C:\\Users\\Ryu\\Desktop\\Workspace\\Projects\\Current\\VT\\Website\\Backend\\VT-Backend-develop\\node_modules\\mongoose\\lib\\query.js:4368:21)\n' +
    '    at model.Query.Query.then (C:\\Users\\Ryu\\Desktop\\Workspace\\Projects\\Current\\VT\\Website\\Backend\\VT-Backend-develop\\node_modules\\mongoose\\lib\\query.js:4460:15)\n' +
    '    at AdvancedQueryRL.filter (C:\\Users\\Ryu\\Desktop\\Workspace\\Projects\\Current\\VT\\Website\\Backend\\VT-Backend-develop\\misc\\AdvancedQueryRL.js:28:32)\n' +
    '    at C:\\Users\\Ryu\\Desktop\\Workspace\\Projects\\Current\\VT\\Website\\Backend\\VT-Backend-develop\\Controllers\\tradesController.js:53:6\n' +
    '    at C:\\Users\\Ryu\\Desktop\\Workspace\\Projects\\Current\\VT\\Website\\Backend\\VT-Backend-develop\\misc\\catchAsync.js:2:5\n' +
    '    at newFn (C:\\Users\\Ryu\\Desktop\\Workspace\\Projects\\Current\\VT\\Website\\Backend\\VT-Backend-develop\\node_modules\\express-async-errors\\index.js:16:20)\n' +
    '    at Layer.handle [as handle_request] (C:\\Users\\Ryu\\Desktop\\Workspace\\Projects\\Current\\VT\\Website\\Backend\\VT-Backend-develop\\node_modules\\express\\lib\\router\\layer.js:95:5)\n' +
    '    at next (C:\\Users\\Ryu\\Desktop\\Workspace\\Projects\\Current\\VT\\Website\\Backend\\VT-Backend-develop\\node_modules\\express\\lib\\router\\route.js:137:13)\n' +
    '    at Route.dispatch (C:\\Users\\Ryu\\Desktop\\Workspace\\Projects\\Current\\VT\\Website\\Backend\\VT-Backend-develop\\node_modules\\express\\lib\\router\\route.js:112:3)\n' +
    '    at newFn (C:\\Users\\Ryu\\Desktop\\Workspace\\Projects\\Current\\VT\\Website\\Backend\\VT-Backend-develop\\node_modules\\express-async-errors\\index.js:16:20)\n' +
    '    at Layer.handle [as handle_request] (C:\\Users\\Ryu\\Desktop\\Workspace\\Projects\\Current\\VT\\Website\\Backend\\VT-Backend-develop\\node_modules\\express\\lib\\router\\layer.js:95:5)\n' +
    '    at C:\\Users\\Ryu\\Desktop\\Workspace\\Projects\\Current\\VT\\Website\\Backend\\VT-Backend-develop\\node_modules\\express\\lib\\router\\index.js:281:22\n' +
    '    at Function.process_params (C:\\Users\\Ryu\\Desktop\\Workspace\\Projects\\Current\\VT\\Website\\Backend\\VT-Backend-develop\\node_modules\\express\\lib\\router\\index.js:335:12)\n' +
    '    at next (C:\\Users\\Ryu\\Desktop\\Workspace\\Projects\\Current\\VT\\Website\\Backend\\VT-Backend-develop\\node_modules\\express\\lib\\router\\index.js:275:10)\n' +
    '    at Function.handle (C:\\Users\\Ryu\\Desktop\\Workspace\\Projects\\Current\\VT\\Website\\Backend\\VT-Backend-develop\\node_modules\\express\\lib\\router\\index.js:174:3)\n' +
    '    at router (C:\\Users\\Ryu\\Desktop\\Workspace\\Projects\\Current\\VT\\Website\\Backend\\VT-Backend-develop\\node_modules\\express\\lib\\router\\index.js:47:12)',
  exception: true,
  date: 'Mon Sep 21 2020 22:54:11 GMT+0200 (GMT+02:00)',
  process: {
    pid: 20380,
    uid: null,
    gid: null,
    cwd: 'C:\\Users\\Ryu\\Desktop\\Workspace\\Projects\\Current\\VT\\Website\\Backend\\VT-Backend-develop',
    execPath: 'C:\\Program Files\\nodejs\\node.exe',
    version: 'v12.13.1',
    argv: [
      'C:\\Program Files\\nodejs\\node.exe',
      'C:\\Users\\Ryu\\Desktop\\Workspace\\Projects\\Current\\VT\\Website\\Backend\\VT-Backend-develop\\index.js'
    ],
    memoryUsage: {
      rss: 51765248,
      heapTotal: 25206784,
      heapUsed: 22197648,
      external: 20190567
    }
  },
  os: { loadavg: [ 0, 0, 0 ], uptime: 611260 },
  trace: [
    {
      column: 21,
      file: 'C:\\Users\\Ryu\\Desktop\\Workspace\\Projects\\Current\\VT\\Website\\Backend\\VT-Backend-develop\\node_modules\\mongoose\\lib\\query.js',
      function: 'model.Query.exec',
      line: 4368,
      method: 'exec',
      native: false
    },
    {
      column: 15,
      file: 'C:\\Users\\Ryu\\Desktop\\Workspace\\Projects\\Current\\VT\\Website\\Backend\\VT-Backend-develop\\node_modules\\mongoose\\lib\\query.js',
      function: 'model.Query.Query.then',
      line: 4460,
      method: 'then',
      native: false
    },
    {
      column: 32,
      file: 'C:\\Users\\Ryu\\Desktop\\Workspace\\Projects\\Current\\VT\\Website\\Backend\\VT-Backend-develop\\misc\\AdvancedQueryRL.js',
      function: 'AdvancedQueryRL.filter',
      line: 28,
      method: 'filter',
      native: false
    },
    {
      column: 6,
      file: 'C:\\Users\\Ryu\\Desktop\\Workspace\\Projects\\Current\\VT\\Website\\Backend\\VT-Backend-develop\\Controllers\\tradesController.js',
      function: null,
      line: 53,
      method: null,
      native: false
    },
    {
      column: 5,
      file: 'C:\\Users\\Ryu\\Desktop\\Workspace\\Projects\\Current\\VT\\Website\\Backend\\VT-Backend-develop\\misc\\catchAsync.js',
      function: null,
      line: 2,
      method: null,
      native: false
    },
    {
      column: 20,
      file: 'C:\\Users\\Ryu\\Desktop\\Workspace\\Projects\\Current\\VT\\Website\\Backend\\VT-Backend-develop\\node_modules\\express-async-errors\\index.js',
      function: 'newFn',
      line: 16,
      method: null,
      native: false
    },
    {
      column: 5,
      file: 'C:\\Users\\Ryu\\Desktop\\Workspace\\Projects\\Current\\VT\\Website\\Backend\\VT-Backend-develop\\node_modules\\express\\lib\\router\\layer.js',
      function: 'Layer.handle [as handle_request]',
      line: 95,
      method: 'handle [as handle_request]',
      native: false
    },
    {
      column: 13,
      file: 'C:\\Users\\Ryu\\Desktop\\Workspace\\Projects\\Current\\VT\\Website\\Backend\\VT-Backend-develop\\node_modules\\express\\lib\\router\\route.js',
      function: 'next',
      line: 137,
      method: null,
      native: false
    },
    {
      column: 3,
      file: 'C:\\Users\\Ryu\\Desktop\\Workspace\\Projects\\Current\\VT\\Website\\Backend\\VT-Backend-develop\\node_modules\\express\\lib\\router\\route.js',
      function: 'Route.dispatch',
      line: 112,
      method: 'dispatch',
      native: false
    },
    {
      column: 20,
      file: 'C:\\Users\\Ryu\\Desktop\\Workspace\\Projects\\Current\\VT\\Website\\Backend\\VT-Backend-develop\\node_modules\\express-async-errors\\index.js',
      function: 'newFn',
      line: 16,
      method: null,
      native: false
    },
    {
      column: 5,
      file: 'C:\\Users\\Ryu\\Desktop\\Workspace\\Projects\\Current\\VT\\Website\\Backend\\VT-Backend-develop\\node_modules\\express\\lib\\router\\layer.js',
      function: 'Layer.handle [as handle_request]',
      line: 95,
      method: 'handle [as handle_request]',
      native: false
    },
    {
      column: 22,
      file: 'C:\\Users\\Ryu\\Desktop\\Workspace\\Projects\\Current\\VT\\Website\\Backend\\VT-Backend-develop\\node_modules\\express\\lib\\router\\index.js',
      function: null,
      line: 281,
      method: null,
      native: false
    },
    {
      column: 12,
      file: 'C:\\Users\\Ryu\\Desktop\\Workspace\\Projects\\Current\\VT\\Website\\Backend\\VT-Backend-develop\\node_modules\\express\\lib\\router\\index.js',
      function: 'Function.process_params',
      line: 335,
      method: 'process_params',
      native: false
    },
    {
      column: 10,
      file: 'C:\\Users\\Ryu\\Desktop\\Workspace\\Projects\\Current\\VT\\Website\\Backend\\VT-Backend-develop\\node_modules\\express\\lib\\router\\index.js',
      function: 'next',
      line: 275,
      method: null,
      native: false
    },
    {
      column: 3,
      file: 'C:\\Users\\Ryu\\Desktop\\Workspace\\Projects\\Current\\VT\\Website\\Backend\\VT-Backend-develop\\node_modules\\express\\lib\\router\\index.js',
      function: 'Function.handle',
      line: 174,
      method: 'handle',
      native: false
    },
    {
      column: 12,
      file: 'C:\\Users\\Ryu\\Desktop\\Workspace\\Projects\\Current\\VT\\Website\\Backend\\VT-Backend-develop\\node_modules\\express\\lib\\router\\index.js',
      function: 'router',
      line: 47,
      method: null,
      native: false
    }
  ],
  timestamp: '2020-09-21T20:54:11.081Z'
}
